<?xml version="1.0" encoding="UTF-8"?>
<!-- Generated by org.testng.reporters.JUnitReportReporter -->
<testsuite hostname="Aparnas-MBP.hsd1.ca.comcast.net" failures="0" tests="3" name="Spotify.oauth2.tests.PlayListTest" time="2.203" errors="0" timestamp="2022-04-03T14:51:18 PDT" skipped="0">
  <testcase classname="Spotify.oauth2.tests.PlayListTest" name="CreateAPlayList" time="1.693"/>
  <system-out/>
  <testcase classname="Spotify.oauth2.tests.PlayListTest" name="GetAPlayList" time="0.261"/>
  <system-out/>
  <testcase classname="Spotify.oauth2.tests.PlayListTest" name="PutAPlayList" time="0.249"/>
  <system-out/>
</testsuite> <!-- Spotify.oauth2.tests.PlayListTest -->
