<?xml version="1.0" encoding="UTF-8"?>
<!-- Generated by org.testng.reporters.JUnitReportReporter -->
<testsuite hostname="Aparnas-MBP.hsd1.ca.comcast.net" failures="0" tests="3" name="com.spotify.oauth2.tests.PlayListTest" time="2.261" errors="0" timestamp="2022-04-03T15:42:43 PDT" skipped="0">
  <testcase classname="com.spotify.oauth2.tests.PlayListTest" name="CreateAPlayList" time="1.748"/>
  <system-out/>
  <testcase classname="com.spotify.oauth2.tests.PlayListTest" name="GetAPlayList" time="0.274"/>
  <system-out/>
  <testcase classname="com.spotify.oauth2.tests.PlayListTest" name="PutAPlayList" time="0.239"/>
  <system-out/>
</testsuite> <!-- com.spotify.oauth2.tests.PlayListTest -->
